<?xml version="1.0" encoding="UTF-8"?>
<!-- Generated by org.testng.reporters.JUnitReportReporter -->
<testsuite hostname="DESKTOP-7E4CTQE" failures="0" tests="3" name="mapck.tstng" time="0.011" errors="0" timestamp="2021-08-27T00:28:12 IST" skipped="0">
  <testcase classname="mapck.tstng" name="test1" time="0.003"/>
  <system-out/>
  <testcase classname="mapck.tstng" name="test2" time="0.004"/>
  <system-out/>
  <testcase classname="mapck.tstng" name="test3" time="0.004"/>
  <system-out/>
</testsuite> <!-- mapck.tstng -->
