<?xml version="1.0" encoding="UTF-8"?>
<!-- Generated by org.testng.reporters.JUnitReportReporter -->
<testsuite hostname="DESKTOP-7E4CTQE" failures="0" tests="1" name="opack.test" time="6.200" errors="0" timestamp="2021-08-29T17:57:39 IST" skipped="0">
  <testcase classname="opack.test" name="mvncommends" time="6.200"/>
  <system-out/>
</testsuite> <!-- opack.test -->
