<?xml version="1.0" encoding="UTF-8"?>
<!-- Generated by org.testng.reporters.JUnitReportReporter -->
<testsuite hostname="DESKTOP-7E4CTQE" failures="0" tests="2" name="opack.test1" time="0.012" errors="0" timestamp="2021-08-27T00:40:16 IST" skipped="0">
  <testcase classname="opack.test1" name="testone" time="0.002"/>
  <system-out/>
  <testcase classname="opack.test1" name="testtwo" time="0.010"/>
  <system-out/>
</testsuite> <!-- opack.test1 -->
