<?xml version="1.0" encoding="UTF-8"?>
<!-- Generated by org.testng.reporters.JUnitReportReporter -->
<testsuite hostname="DESKTOP-7E4CTQE" failures="0" tests="1" name="pomfactory.test" time="13.610" errors="0" timestamp="2021-09-12T01:55:22 IST" skipped="0">
  <testcase classname="pomfactory.test" name="test" time="13.610"/>
  <system-out/>
</testsuite> <!-- pomfactory.test -->
